c:\users\theju\documents\github\csc-311-project-group-7\server game\spadesgame\spadesgame\debug\vc140.pdb
c:\users\theju\documents\github\csc-311-project-group-7\server game\spadesgame\spadesgame\debug\vc140.idb
c:\users\theju\documents\github\csc-311-project-group-7\server game\spadesgame\spadesgame\debug\card.obj
c:\users\theju\documents\github\csc-311-project-group-7\server game\spadesgame\spadesgame\debug\deck.obj
c:\users\theju\documents\github\csc-311-project-group-7\server game\spadesgame\spadesgame\debug\main.obj
c:\users\theju\documents\github\csc-311-project-group-7\server game\spadesgame\spadesgame\debug\player.obj
c:\users\theju\documents\github\csc-311-project-group-7\server game\spadesgame\debug\spadesgame.pdb
c:\users\theju\documents\github\csc-311-project-group-7\server game\spadesgame\spadesgame\debug\spadesgame.tlog\cl.command.1.tlog
c:\users\theju\documents\github\csc-311-project-group-7\server game\spadesgame\spadesgame\debug\spadesgame.tlog\cl.read.1.tlog
c:\users\theju\documents\github\csc-311-project-group-7\server game\spadesgame\spadesgame\debug\spadesgame.tlog\cl.write.1.tlog
c:\users\theju\documents\github\csc-311-project-group-7\server game\spadesgame\spadesgame\debug\spadesgame.tlog\link-cvtres.read.1.tlog
c:\users\theju\documents\github\csc-311-project-group-7\server game\spadesgame\spadesgame\debug\spadesgame.tlog\link-cvtres.write.1.tlog
c:\users\theju\documents\github\csc-311-project-group-7\server game\spadesgame\spadesgame\debug\spadesgame.tlog\link-rc.read.1.tlog
c:\users\theju\documents\github\csc-311-project-group-7\server game\spadesgame\spadesgame\debug\spadesgame.tlog\link-rc.write.1.tlog
c:\users\theju\documents\github\csc-311-project-group-7\server game\spadesgame\spadesgame\debug\spadesgame.tlog\link.7356-cvtres.read.1.tlog
c:\users\theju\documents\github\csc-311-project-group-7\server game\spadesgame\spadesgame\debug\spadesgame.tlog\link.7356-cvtres.write.1.tlog
c:\users\theju\documents\github\csc-311-project-group-7\server game\spadesgame\spadesgame\debug\spadesgame.tlog\link.7356-rc.read.1.tlog
c:\users\theju\documents\github\csc-311-project-group-7\server game\spadesgame\spadesgame\debug\spadesgame.tlog\link.7356-rc.write.1.tlog
c:\users\theju\documents\github\csc-311-project-group-7\server game\spadesgame\spadesgame\debug\spadesgame.tlog\link.7356.read.1.tlog
c:\users\theju\documents\github\csc-311-project-group-7\server game\spadesgame\spadesgame\debug\spadesgame.tlog\link.7356.write.1.tlog
c:\users\theju\documents\github\csc-311-project-group-7\server game\spadesgame\spadesgame\debug\spadesgame.tlog\link.command.1.tlog
c:\users\theju\documents\github\csc-311-project-group-7\server game\spadesgame\spadesgame\debug\spadesgame.tlog\link.read.1.tlog
c:\users\theju\documents\github\csc-311-project-group-7\server game\spadesgame\spadesgame\debug\spadesgame.tlog\link.write.1.tlog
